<?xml version="1.0" encoding="UTF-8"?>
<!-- Generated by org.testng.reporters.JUnitXMLReporter -->
<testsuite hostname="DESKTOP-FP9SJHM" ignored="0" name="Demo Test1" tests="6" failures="0" timestamp="17 Apr 2020 21:46:00 GMT" time="0.059" errors="0">
  <testcase name="iosApp" time="0.015" classname="DemoMavenProject.AppiumTest"/>
  <testcase name="nativeAppAndroid" time="0.0" classname="DemoMavenProject.AppiumTest"/>
  <testcase name="deleteTwitter" time="0.0" classname="DemoMavenProject.RestAPITest"/>
  <testcase name="postJira" time="0.0" classname="DemoMavenProject.RestAPITest"/>
  <testcase name="BrowserAutomation" time="0.0" classname="DemoMavenProject.SeleniumTest"/>
  <testcase name="UIAutomation" time="0.0" classname="DemoMavenProject.SeleniumTest"/>
</testsuite> <!-- Demo Test1 -->
