<?xml version="1.0" encoding="UTF-8"?>
<testng-results skipped="0" failed="0" total="2" passed="2">
  <reporter-output>
  </reporter-output>
  <suite name="Default suite" duration-ms="65" started-at="2020-04-17T18:33:44Z" finished-at="2020-04-17T18:33:44Z">
    <groups>
    </groups>
    <test name="Default test" duration-ms="65" started-at="2020-04-17T18:33:44Z" finished-at="2020-04-17T18:33:44Z">
      <class name="DemoMavenProject.AppiumTest">
        <test-method status="PASS" signature="iosApp()[pri:0, instance:DemoMavenProject.AppiumTest@45c8e616]" name="iosApp" duration-ms="15" started-at="2020-04-18T00:03:44Z" finished-at="2020-04-18T00:03:44Z">
          <reporter-output>
          </reporter-output>
        </test-method> <!-- iosApp -->
        <test-method status="PASS" signature="nativeAppAndroid()[pri:0, instance:DemoMavenProject.AppiumTest@45c8e616]" name="nativeAppAndroid" duration-ms="0" started-at="2020-04-18T00:03:44Z" finished-at="2020-04-18T00:03:44Z">
          <reporter-output>
          </reporter-output>
        </test-method> <!-- nativeAppAndroid -->
      </class> <!-- DemoMavenProject.AppiumTest -->
    </test> <!-- Default test -->
  </suite> <!-- Default suite -->
</testng-results>
